Analysis & Synthesis report for NeuralNetworkFPGA
Wed Oct 30 18:51:05 2024
Quartus Prime Version 23.1std.1 Build 993 05/14/2024 SC Lite Edition


---------------------
; Table of Contents ;
---------------------
  1. Legal Notice
  2. Analysis & Synthesis Summary
  3. Analysis & Synthesis Settings
  4. Parallel Compilation
  5. Analysis & Synthesis Source Files Read
  6. Analysis & Synthesis Resource Usage Summary
  7. Analysis & Synthesis Resource Utilization by Entity
  8. General Register Statistics
  9. Port Connectivity Checks: "ieee754_to_parts:ieeenumber_fragmented"
 10. Post-Synthesis Netlist Statistics for Top Partition
 11. Elapsed Time Per Partition
 12. Analysis & Synthesis Messages
 13. Analysis & Synthesis Suppressed Messages



----------------
; Legal Notice ;
----------------
Copyright (C) 2024  Intel Corporation. All rights reserved.
Your use of Intel Corporation's design tools, logic functions 
and other software and tools, and any partner logic 
functions, and any output files from any of the foregoing 
(including device programming or simulation files), and any 
associated documentation or information are expressly subject 
to the terms and conditions of the Intel Program License 
Subscription Agreement, the Intel Quartus Prime License Agreement,
the Intel FPGA IP License Agreement, or other applicable license
agreement, including, without limitation, that your use is for
the sole purpose of programming logic devices manufactured by
Intel and sold by Intel or its authorized distributors.  Please
refer to the applicable agreement for further details, at
https://fpgasoftware.intel.com/eula.



+-------------------------------------------------------------------------------------+
; Analysis & Synthesis Summary                                                        ;
+------------------------------------+------------------------------------------------+
; Analysis & Synthesis Status        ; Successful - Wed Oct 30 18:51:05 2024          ;
; Quartus Prime Version              ; 23.1std.1 Build 993 05/14/2024 SC Lite Edition ;
; Revision Name                      ; NeuralNetworkFPGA                              ;
; Top-level Entity Name              ; NeuralNetworkFPGA                              ;
; Family                             ; Cyclone IV E                                   ;
; Total logic elements               ; 0                                              ;
;     Total combinational functions  ; 0                                              ;
;     Dedicated logic registers      ; 0                                              ;
; Total registers                    ; 0                                              ;
; Total pins                         ; 76                                             ;
; Total virtual pins                 ; 0                                              ;
; Total memory bits                  ; 0                                              ;
; Embedded Multiplier 9-bit elements ; 0                                              ;
; Total PLLs                         ; 0                                              ;
+------------------------------------+------------------------------------------------+


+------------------------------------------------------------------------------------------------------------+
; Analysis & Synthesis Settings                                                                              ;
+------------------------------------------------------------------+--------------------+--------------------+
; Option                                                           ; Setting            ; Default Value      ;
+------------------------------------------------------------------+--------------------+--------------------+
; Device                                                           ; EP4CE115F29C7      ;                    ;
; Top-level entity name                                            ; NeuralNetworkFPGA  ; NeuralNetworkFPGA  ;
; Family name                                                      ; Cyclone IV E       ; Cyclone V          ;
; Use smart compilation                                            ; Off                ; Off                ;
; Enable parallel Assembler and Timing Analyzer during compilation ; On                 ; On                 ;
; Enable compact report table                                      ; Off                ; Off                ;
; Restructure Multiplexers                                         ; Auto               ; Auto               ;
; Create Debugging Nodes for IP Cores                              ; Off                ; Off                ;
; Preserve fewer node names                                        ; On                 ; On                 ;
; Intel FPGA IP Evaluation Mode                                    ; Enable             ; Enable             ;
; Verilog Version                                                  ; Verilog_2001       ; Verilog_2001       ;
; VHDL Version                                                     ; VHDL_1993          ; VHDL_1993          ;
; State Machine Processing                                         ; Auto               ; Auto               ;
; Safe State Machine                                               ; Off                ; Off                ;
; Extract Verilog State Machines                                   ; On                 ; On                 ;
; Extract VHDL State Machines                                      ; On                 ; On                 ;
; Ignore Verilog initial constructs                                ; Off                ; Off                ;
; Iteration limit for constant Verilog loops                       ; 5000               ; 5000               ;
; Iteration limit for non-constant Verilog loops                   ; 250                ; 250                ;
; Add Pass-Through Logic to Inferred RAMs                          ; On                 ; On                 ;
; Infer RAMs from Raw Logic                                        ; On                 ; On                 ;
; Parallel Synthesis                                               ; On                 ; On                 ;
; DSP Block Balancing                                              ; Auto               ; Auto               ;
; NOT Gate Push-Back                                               ; On                 ; On                 ;
; Power-Up Don't Care                                              ; On                 ; On                 ;
; Remove Redundant Logic Cells                                     ; Off                ; Off                ;
; Remove Duplicate Registers                                       ; On                 ; On                 ;
; Ignore CARRY Buffers                                             ; Off                ; Off                ;
; Ignore CASCADE Buffers                                           ; Off                ; Off                ;
; Ignore GLOBAL Buffers                                            ; Off                ; Off                ;
; Ignore ROW GLOBAL Buffers                                        ; Off                ; Off                ;
; Ignore LCELL Buffers                                             ; Off                ; Off                ;
; Ignore SOFT Buffers                                              ; On                 ; On                 ;
; Limit AHDL Integers to 32 Bits                                   ; Off                ; Off                ;
; Optimization Technique                                           ; Balanced           ; Balanced           ;
; Carry Chain Length                                               ; 70                 ; 70                 ;
; Auto Carry Chains                                                ; On                 ; On                 ;
; Auto Open-Drain Pins                                             ; On                 ; On                 ;
; Perform WYSIWYG Primitive Resynthesis                            ; Off                ; Off                ;
; Auto ROM Replacement                                             ; On                 ; On                 ;
; Auto RAM Replacement                                             ; On                 ; On                 ;
; Auto DSP Block Replacement                                       ; On                 ; On                 ;
; Auto Shift Register Replacement                                  ; Auto               ; Auto               ;
; Allow Shift Register Merging across Hierarchies                  ; Auto               ; Auto               ;
; Auto Clock Enable Replacement                                    ; On                 ; On                 ;
; Strict RAM Replacement                                           ; Off                ; Off                ;
; Allow Synchronous Control Signals                                ; On                 ; On                 ;
; Force Use of Synchronous Clear Signals                           ; Off                ; Off                ;
; Auto RAM Block Balancing                                         ; On                 ; On                 ;
; Auto RAM to Logic Cell Conversion                                ; Off                ; Off                ;
; Auto Resource Sharing                                            ; Off                ; Off                ;
; Allow Any RAM Size For Recognition                               ; Off                ; Off                ;
; Allow Any ROM Size For Recognition                               ; Off                ; Off                ;
; Allow Any Shift Register Size For Recognition                    ; Off                ; Off                ;
; Use LogicLock Constraints during Resource Balancing              ; On                 ; On                 ;
; Ignore translate_off and synthesis_off directives                ; Off                ; Off                ;
; Timing-Driven Synthesis                                          ; On                 ; On                 ;
; Report Parameter Settings                                        ; On                 ; On                 ;
; Report Source Assignments                                        ; On                 ; On                 ;
; Report Connectivity Checks                                       ; On                 ; On                 ;
; Ignore Maximum Fan-Out Assignments                               ; Off                ; Off                ;
; Synchronization Register Chain Length                            ; 2                  ; 2                  ;
; Power Optimization During Synthesis                              ; Normal compilation ; Normal compilation ;
; HDL message level                                                ; Level2             ; Level2             ;
; Suppress Register Optimization Related Messages                  ; Off                ; Off                ;
; Number of Removed Registers Reported in Synthesis Report         ; 5000               ; 5000               ;
; Number of Swept Nodes Reported in Synthesis Report               ; 5000               ; 5000               ;
; Number of Inverted Registers Reported in Synthesis Report        ; 100                ; 100                ;
; Clock MUX Protection                                             ; On                 ; On                 ;
; Auto Gated Clock Conversion                                      ; Off                ; Off                ;
; Block Design Naming                                              ; Auto               ; Auto               ;
; SDC constraint protection                                        ; Off                ; Off                ;
; Synthesis Effort                                                 ; Auto               ; Auto               ;
; Shift Register Replacement - Allow Asynchronous Clear Signal     ; On                 ; On                 ;
; Pre-Mapping Resynthesis Optimization                             ; Off                ; Off                ;
; Analysis & Synthesis Message Level                               ; Medium             ; Medium             ;
; Disable Register Merging Across Hierarchies                      ; Auto               ; Auto               ;
; Resource Aware Inference For Block RAM                           ; On                 ; On                 ;
+------------------------------------------------------------------+--------------------+--------------------+


+------------------------------------------+
; Parallel Compilation                     ;
+----------------------------+-------------+
; Processors                 ; Number      ;
+----------------------------+-------------+
; Number detected on machine ; 64          ;
; Maximum allowed            ; 16          ;
;                            ;             ;
; Average used               ; 1.00        ;
; Maximum used               ; 1           ;
;                            ;             ;
; Usage by Processor         ; % Time Used ;
;     Processor 1            ; 100.0%      ;
+----------------------------+-------------+


+-------------------------------------------------------------------------------------------------------------------------------------------------------------------------+
; Analysis & Synthesis Source Files Read                                                                                                                                  ;
+----------------------------------+-----------------+------------------------+---------------------------------------------------------------------------------+---------+
; File Name with User-Entered Path ; Used in Netlist ; File Type              ; File Name with Absolute Path                                                    ; Library ;
+----------------------------------+-----------------+------------------------+---------------------------------------------------------------------------------+---------+
; NeuralNetworkFPGA.v              ; yes             ; User Verilog HDL File  ; C:/Development/FederatedEdgeComputing/FederatedLearningFPGA/NeuralNetworkFPGA.v ;         ;
; ieee745ALU.v                     ; yes             ; User Verilog HDL File  ; C:/Development/FederatedEdgeComputing/FederatedLearningFPGA/ieee745ALU.v        ;         ;
+----------------------------------+-----------------+------------------------+---------------------------------------------------------------------------------+---------+


+--------------------------------------------------------+
; Analysis & Synthesis Resource Usage Summary            ;
+---------------------------------------------+----------+
; Resource                                    ; Usage    ;
+---------------------------------------------+----------+
;                                             ;          ;
; Total combinational functions               ; 0        ;
; Logic element usage by number of LUT inputs ;          ;
;     -- 4 input functions                    ; 0        ;
;     -- 3 input functions                    ; 0        ;
;     -- <=2 input functions                  ; 0        ;
;                                             ;          ;
; Logic elements by mode                      ;          ;
;     -- normal mode                          ; 0        ;
;     -- arithmetic mode                      ; 0        ;
;                                             ;          ;
; Total registers                             ; 0        ;
;     -- Dedicated logic registers            ; 0        ;
;     -- I/O registers                        ; 0        ;
;                                             ;          ;
; I/O pins                                    ; 76       ;
;                                             ;          ;
; Embedded Multiplier 9-bit elements          ; 0        ;
;                                             ;          ;
; Maximum fan-out node                        ; CLOCK_50 ;
; Maximum fan-out                             ; 1        ;
; Total fan-out                               ; 76       ;
; Average fan-out                             ; 0.50     ;
+---------------------------------------------+----------+


+----------------------------------------------------------------------------------------------------------------------------------------------------------------------------------------------------------------+
; Analysis & Synthesis Resource Utilization by Entity                                                                                                                                                            ;
+----------------------------+---------------------+---------------------------+-------------+--------------+---------+-----------+------+--------------+---------------------+-------------------+--------------+
; Compilation Hierarchy Node ; Combinational ALUTs ; Dedicated Logic Registers ; Memory Bits ; DSP Elements ; DSP 9x9 ; DSP 18x18 ; Pins ; Virtual Pins ; Full Hierarchy Name ; Entity Name       ; Library Name ;
+----------------------------+---------------------+---------------------------+-------------+--------------+---------+-----------+------+--------------+---------------------+-------------------+--------------+
; |NeuralNetworkFPGA         ; 0 (0)               ; 0 (0)                     ; 0           ; 0            ; 0       ; 0         ; 76   ; 0            ; |NeuralNetworkFPGA  ; NeuralNetworkFPGA ; work         ;
+----------------------------+---------------------+---------------------------+-------------+--------------+---------+-----------+------+--------------+---------------------+-------------------+--------------+
Note: For table entries with two numbers listed, the numbers in parentheses indicate the number of resources of the given type used by the specific entity alone. The numbers listed outside of parentheses indicate the total resources of the given type used by the specific entity and all of its sub-entities in the hierarchy.


+------------------------------------------------------+
; General Register Statistics                          ;
+----------------------------------------------+-------+
; Statistic                                    ; Value ;
+----------------------------------------------+-------+
; Total registers                              ; 0     ;
; Number of registers using Synchronous Clear  ; 0     ;
; Number of registers using Synchronous Load   ; 0     ;
; Number of registers using Asynchronous Clear ; 0     ;
; Number of registers using Asynchronous Load  ; 0     ;
; Number of registers using Clock Enable       ; 0     ;
; Number of registers using Preset             ; 0     ;
+----------------------------------------------+-------+


+-------------------------------------------------------------------------------------------------------------------------------+
; Port Connectivity Checks: "ieee754_to_parts:ieeenumber_fragmented"                                                            ;
+---------------------+--------+----------+-------------------------------------------------------------------------------------+
; Port                ; Type   ; Severity ; Details                                                                             ;
+---------------------+--------+----------+-------------------------------------------------------------------------------------+
; integer_part[31..4] ; Output ; Info     ; Connected to dangling logic. Logic that only feeds a dangling port will be removed. ;
; fractional_part     ; Output ; Info     ; Connected to dangling logic. Logic that only feeds a dangling port will be removed. ;
; sign                ; Output ; Info     ; Connected to dangling logic. Logic that only feeds a dangling port will be removed. ;
+---------------------+--------+----------+-------------------------------------------------------------------------------------+


+-----------------------------------------------------+
; Post-Synthesis Netlist Statistics for Top Partition ;
+-----------------------+-----------------------------+
; Type                  ; Count                       ;
+-----------------------+-----------------------------+
; boundary_port         ; 76                          ;
; cycloneiii_lcell_comb ; 2                           ;
;     normal            ; 2                           ;
;         0 data inputs ; 2                           ;
;                       ;                             ;
; Max LUT depth         ; 0.00                        ;
; Average LUT depth     ; 0.00                        ;
+-----------------------+-----------------------------+


+-------------------------------+
; Elapsed Time Per Partition    ;
+----------------+--------------+
; Partition Name ; Elapsed Time ;
+----------------+--------------+
; Top            ; 00:00:00     ;
+----------------+--------------+


+-------------------------------+
; Analysis & Synthesis Messages ;
+-------------------------------+
Info: *******************************************************************
Info: Running Quartus Prime Analysis & Synthesis
    Info: Version 23.1std.1 Build 993 05/14/2024 SC Lite Edition
    Info: Processing started: Wed Oct 30 18:50:57 2024
Info: Command: quartus_map --read_settings_files=on --write_settings_files=off NeuralNetworkFPGA -c NeuralNetworkFPGA
Warning (18236): Number of processors has not been specified which may cause overloading on shared machines.  Set the global assignment NUM_PARALLEL_PROCESSORS in your QSF to an appropriate value for best performance.
Info (20030): Parallel compilation is enabled and will use 16 of the 16 processors detected
Info (12021): Found 3 design units, including 3 entities, in source file neuralnetworkfpga.v
    Info (12023): Found entity 1: shiftreg_to_7seg File: C:/Development/FederatedEdgeComputing/FederatedLearningFPGA/NeuralNetworkFPGA.v Line: 1
    Info (12023): Found entity 2: clock_counter File: C:/Development/FederatedEdgeComputing/FederatedLearningFPGA/NeuralNetworkFPGA.v Line: 32
    Info (12023): Found entity 3: NeuralNetworkFPGA File: C:/Development/FederatedEdgeComputing/FederatedLearningFPGA/NeuralNetworkFPGA.v Line: 56
Info (12021): Found 9 design units, including 9 entities, in source file output_files/processor.v
    Info (12023): Found entity 1: multiplex File: C:/Development/FederatedEdgeComputing/FederatedLearningFPGA/output_files/Processor.v Line: 1
    Info (12023): Found entity 2: control_unit File: C:/Development/FederatedEdgeComputing/FederatedLearningFPGA/output_files/Processor.v Line: 18
    Info (12023): Found entity 3: program_counter File: C:/Development/FederatedEdgeComputing/FederatedLearningFPGA/output_files/Processor.v Line: 225
    Info (12023): Found entity 4: arithmetic_logic_unit File: C:/Development/FederatedEdgeComputing/FederatedLearningFPGA/output_files/Processor.v Line: 253
    Info (12023): Found entity 5: data_cache File: C:/Development/FederatedEdgeComputing/FederatedLearningFPGA/output_files/Processor.v Line: 289
    Info (12023): Found entity 6: instruction_cache File: C:/Development/FederatedEdgeComputing/FederatedLearningFPGA/output_files/Processor.v Line: 320
    Info (12023): Found entity 7: clock_control File: C:/Development/FederatedEdgeComputing/FederatedLearningFPGA/output_files/Processor.v Line: 344
    Info (12023): Found entity 8: register_file File: C:/Development/FederatedEdgeComputing/FederatedLearningFPGA/output_files/Processor.v Line: 425
    Info (12023): Found entity 9: processor File: C:/Development/FederatedEdgeComputing/FederatedLearningFPGA/output_files/Processor.v Line: 462
Info (12021): Found 4 design units, including 4 entities, in source file output_files/neuralnetwork.v
    Info (12023): Found entity 1: neuron File: C:/Development/FederatedEdgeComputing/FederatedLearningFPGA/output_files/NeuralNetwork.v Line: 1
    Info (12023): Found entity 2: neuron_input_layer File: C:/Development/FederatedEdgeComputing/FederatedLearningFPGA/output_files/NeuralNetwork.v Line: 3
    Info (12023): Found entity 3: neron_output_layer File: C:/Development/FederatedEdgeComputing/FederatedLearningFPGA/output_files/NeuralNetwork.v Line: 5
    Info (12023): Found entity 4: neural_network File: C:/Development/FederatedEdgeComputing/FederatedLearningFPGA/output_files/NeuralNetwork.v Line: 7
Info (12021): Found 3 design units, including 3 entities, in source file ieee745alu.v
    Info (12023): Found entity 1: frac_to_7seg File: C:/Development/FederatedEdgeComputing/FederatedLearningFPGA/ieee745ALU.v Line: 1
    Info (12023): Found entity 2: bin_to_7seg File: C:/Development/FederatedEdgeComputing/FederatedLearningFPGA/ieee745ALU.v Line: 49
    Info (12023): Found entity 3: ieee754_to_parts File: C:/Development/FederatedEdgeComputing/FederatedLearningFPGA/ieee745ALU.v Line: 79
Critical Warning (10846): Verilog HDL Instantiation warning at Processor.v(555): instance has no name File: C:/Development/FederatedEdgeComputing/FederatedLearningFPGA/output_files/Processor.v Line: 555
Info (12127): Elaborating entity "NeuralNetworkFPGA" for the top level hierarchy
Warning (10034): Output port "HEX1" at NeuralNetworkFPGA.v(61) has no driver File: C:/Development/FederatedEdgeComputing/FederatedLearningFPGA/NeuralNetworkFPGA.v Line: 61
Warning (10034): Output port "HEX2" at NeuralNetworkFPGA.v(62) has no driver File: C:/Development/FederatedEdgeComputing/FederatedLearningFPGA/NeuralNetworkFPGA.v Line: 62
Warning (10034): Output port "HEX3" at NeuralNetworkFPGA.v(63) has no driver File: C:/Development/FederatedEdgeComputing/FederatedLearningFPGA/NeuralNetworkFPGA.v Line: 63
Warning (10034): Output port "HEX4" at NeuralNetworkFPGA.v(64) has no driver File: C:/Development/FederatedEdgeComputing/FederatedLearningFPGA/NeuralNetworkFPGA.v Line: 64
Warning (10034): Output port "HEX5" at NeuralNetworkFPGA.v(65) has no driver File: C:/Development/FederatedEdgeComputing/FederatedLearningFPGA/NeuralNetworkFPGA.v Line: 65
Warning (10034): Output port "HEX6" at NeuralNetworkFPGA.v(66) has no driver File: C:/Development/FederatedEdgeComputing/FederatedLearningFPGA/NeuralNetworkFPGA.v Line: 66
Warning (10034): Output port "HEX7" at NeuralNetworkFPGA.v(69) has no driver File: C:/Development/FederatedEdgeComputing/FederatedLearningFPGA/NeuralNetworkFPGA.v Line: 69
Info (12128): Elaborating entity "ieee754_to_parts" for hierarchy "ieee754_to_parts:ieeenumber_fragmented" File: C:/Development/FederatedEdgeComputing/FederatedLearningFPGA/NeuralNetworkFPGA.v Line: 88
Info (12128): Elaborating entity "bin_to_7seg" for hierarchy "bin_to_7seg:bt7s" File: C:/Development/FederatedEdgeComputing/FederatedLearningFPGA/NeuralNetworkFPGA.v Line: 91
Warning (13024): Output pins are stuck at VCC or GND
    Warning (13410): Pin "HEX0[0]" is stuck at GND File: C:/Development/FederatedEdgeComputing/FederatedLearningFPGA/NeuralNetworkFPGA.v Line: 60
    Warning (13410): Pin "HEX0[1]" is stuck at GND File: C:/Development/FederatedEdgeComputing/FederatedLearningFPGA/NeuralNetworkFPGA.v Line: 60
    Warning (13410): Pin "HEX0[2]" is stuck at GND File: C:/Development/FederatedEdgeComputing/FederatedLearningFPGA/NeuralNetworkFPGA.v Line: 60
    Warning (13410): Pin "HEX0[3]" is stuck at GND File: C:/Development/FederatedEdgeComputing/FederatedLearningFPGA/NeuralNetworkFPGA.v Line: 60
    Warning (13410): Pin "HEX0[4]" is stuck at GND File: C:/Development/FederatedEdgeComputing/FederatedLearningFPGA/NeuralNetworkFPGA.v Line: 60
    Warning (13410): Pin "HEX0[5]" is stuck at GND File: C:/Development/FederatedEdgeComputing/FederatedLearningFPGA/NeuralNetworkFPGA.v Line: 60
    Warning (13410): Pin "HEX0[6]" is stuck at VCC File: C:/Development/FederatedEdgeComputing/FederatedLearningFPGA/NeuralNetworkFPGA.v Line: 60
    Warning (13410): Pin "HEX1[0]" is stuck at GND File: C:/Development/FederatedEdgeComputing/FederatedLearningFPGA/NeuralNetworkFPGA.v Line: 61
    Warning (13410): Pin "HEX1[1]" is stuck at GND File: C:/Development/FederatedEdgeComputing/FederatedLearningFPGA/NeuralNetworkFPGA.v Line: 61
    Warning (13410): Pin "HEX1[2]" is stuck at GND File: C:/Development/FederatedEdgeComputing/FederatedLearningFPGA/NeuralNetworkFPGA.v Line: 61
    Warning (13410): Pin "HEX1[3]" is stuck at GND File: C:/Development/FederatedEdgeComputing/FederatedLearningFPGA/NeuralNetworkFPGA.v Line: 61
    Warning (13410): Pin "HEX1[4]" is stuck at GND File: C:/Development/FederatedEdgeComputing/FederatedLearningFPGA/NeuralNetworkFPGA.v Line: 61
    Warning (13410): Pin "HEX1[5]" is stuck at GND File: C:/Development/FederatedEdgeComputing/FederatedLearningFPGA/NeuralNetworkFPGA.v Line: 61
    Warning (13410): Pin "HEX1[6]" is stuck at GND File: C:/Development/FederatedEdgeComputing/FederatedLearningFPGA/NeuralNetworkFPGA.v Line: 61
    Warning (13410): Pin "HEX2[0]" is stuck at GND File: C:/Development/FederatedEdgeComputing/FederatedLearningFPGA/NeuralNetworkFPGA.v Line: 62
    Warning (13410): Pin "HEX2[1]" is stuck at GND File: C:/Development/FederatedEdgeComputing/FederatedLearningFPGA/NeuralNetworkFPGA.v Line: 62
    Warning (13410): Pin "HEX2[2]" is stuck at GND File: C:/Development/FederatedEdgeComputing/FederatedLearningFPGA/NeuralNetworkFPGA.v Line: 62
    Warning (13410): Pin "HEX2[3]" is stuck at GND File: C:/Development/FederatedEdgeComputing/FederatedLearningFPGA/NeuralNetworkFPGA.v Line: 62
    Warning (13410): Pin "HEX2[4]" is stuck at GND File: C:/Development/FederatedEdgeComputing/FederatedLearningFPGA/NeuralNetworkFPGA.v Line: 62
    Warning (13410): Pin "HEX2[5]" is stuck at GND File: C:/Development/FederatedEdgeComputing/FederatedLearningFPGA/NeuralNetworkFPGA.v Line: 62
    Warning (13410): Pin "HEX2[6]" is stuck at GND File: C:/Development/FederatedEdgeComputing/FederatedLearningFPGA/NeuralNetworkFPGA.v Line: 62
    Warning (13410): Pin "HEX3[0]" is stuck at GND File: C:/Development/FederatedEdgeComputing/FederatedLearningFPGA/NeuralNetworkFPGA.v Line: 63
    Warning (13410): Pin "HEX3[1]" is stuck at GND File: C:/Development/FederatedEdgeComputing/FederatedLearningFPGA/NeuralNetworkFPGA.v Line: 63
    Warning (13410): Pin "HEX3[2]" is stuck at GND File: C:/Development/FederatedEdgeComputing/FederatedLearningFPGA/NeuralNetworkFPGA.v Line: 63
    Warning (13410): Pin "HEX3[3]" is stuck at GND File: C:/Development/FederatedEdgeComputing/FederatedLearningFPGA/NeuralNetworkFPGA.v Line: 63
    Warning (13410): Pin "HEX3[4]" is stuck at GND File: C:/Development/FederatedEdgeComputing/FederatedLearningFPGA/NeuralNetworkFPGA.v Line: 63
    Warning (13410): Pin "HEX3[5]" is stuck at GND File: C:/Development/FederatedEdgeComputing/FederatedLearningFPGA/NeuralNetworkFPGA.v Line: 63
    Warning (13410): Pin "HEX3[6]" is stuck at GND File: C:/Development/FederatedEdgeComputing/FederatedLearningFPGA/NeuralNetworkFPGA.v Line: 63
    Warning (13410): Pin "HEX4[0]" is stuck at GND File: C:/Development/FederatedEdgeComputing/FederatedLearningFPGA/NeuralNetworkFPGA.v Line: 64
    Warning (13410): Pin "HEX4[1]" is stuck at GND File: C:/Development/FederatedEdgeComputing/FederatedLearningFPGA/NeuralNetworkFPGA.v Line: 64
    Warning (13410): Pin "HEX4[2]" is stuck at GND File: C:/Development/FederatedEdgeComputing/FederatedLearningFPGA/NeuralNetworkFPGA.v Line: 64
    Warning (13410): Pin "HEX4[3]" is stuck at GND File: C:/Development/FederatedEdgeComputing/FederatedLearningFPGA/NeuralNetworkFPGA.v Line: 64
    Warning (13410): Pin "HEX4[4]" is stuck at GND File: C:/Development/FederatedEdgeComputing/FederatedLearningFPGA/NeuralNetworkFPGA.v Line: 64
    Warning (13410): Pin "HEX4[5]" is stuck at GND File: C:/Development/FederatedEdgeComputing/FederatedLearningFPGA/NeuralNetworkFPGA.v Line: 64
    Warning (13410): Pin "HEX4[6]" is stuck at GND File: C:/Development/FederatedEdgeComputing/FederatedLearningFPGA/NeuralNetworkFPGA.v Line: 64
    Warning (13410): Pin "HEX5[0]" is stuck at GND File: C:/Development/FederatedEdgeComputing/FederatedLearningFPGA/NeuralNetworkFPGA.v Line: 65
    Warning (13410): Pin "HEX5[1]" is stuck at GND File: C:/Development/FederatedEdgeComputing/FederatedLearningFPGA/NeuralNetworkFPGA.v Line: 65
    Warning (13410): Pin "HEX5[2]" is stuck at GND File: C:/Development/FederatedEdgeComputing/FederatedLearningFPGA/NeuralNetworkFPGA.v Line: 65
    Warning (13410): Pin "HEX5[3]" is stuck at GND File: C:/Development/FederatedEdgeComputing/FederatedLearningFPGA/NeuralNetworkFPGA.v Line: 65
    Warning (13410): Pin "HEX5[4]" is stuck at GND File: C:/Development/FederatedEdgeComputing/FederatedLearningFPGA/NeuralNetworkFPGA.v Line: 65
    Warning (13410): Pin "HEX5[5]" is stuck at GND File: C:/Development/FederatedEdgeComputing/FederatedLearningFPGA/NeuralNetworkFPGA.v Line: 65
    Warning (13410): Pin "HEX5[6]" is stuck at GND File: C:/Development/FederatedEdgeComputing/FederatedLearningFPGA/NeuralNetworkFPGA.v Line: 65
    Warning (13410): Pin "HEX6[0]" is stuck at GND File: C:/Development/FederatedEdgeComputing/FederatedLearningFPGA/NeuralNetworkFPGA.v Line: 66
    Warning (13410): Pin "HEX6[1]" is stuck at GND File: C:/Development/FederatedEdgeComputing/FederatedLearningFPGA/NeuralNetworkFPGA.v Line: 66
    Warning (13410): Pin "HEX6[2]" is stuck at GND File: C:/Development/FederatedEdgeComputing/FederatedLearningFPGA/NeuralNetworkFPGA.v Line: 66
    Warning (13410): Pin "HEX6[3]" is stuck at GND File: C:/Development/FederatedEdgeComputing/FederatedLearningFPGA/NeuralNetworkFPGA.v Line: 66
    Warning (13410): Pin "HEX6[4]" is stuck at GND File: C:/Development/FederatedEdgeComputing/FederatedLearningFPGA/NeuralNetworkFPGA.v Line: 66
    Warning (13410): Pin "HEX6[5]" is stuck at GND File: C:/Development/FederatedEdgeComputing/FederatedLearningFPGA/NeuralNetworkFPGA.v Line: 66
    Warning (13410): Pin "HEX6[6]" is stuck at GND File: C:/Development/FederatedEdgeComputing/FederatedLearningFPGA/NeuralNetworkFPGA.v Line: 66
    Warning (13410): Pin "HEX7[0]" is stuck at GND File: C:/Development/FederatedEdgeComputing/FederatedLearningFPGA/NeuralNetworkFPGA.v Line: 69
    Warning (13410): Pin "HEX7[1]" is stuck at GND File: C:/Development/FederatedEdgeComputing/FederatedLearningFPGA/NeuralNetworkFPGA.v Line: 69
    Warning (13410): Pin "HEX7[2]" is stuck at GND File: C:/Development/FederatedEdgeComputing/FederatedLearningFPGA/NeuralNetworkFPGA.v Line: 69
    Warning (13410): Pin "HEX7[3]" is stuck at GND File: C:/Development/FederatedEdgeComputing/FederatedLearningFPGA/NeuralNetworkFPGA.v Line: 69
    Warning (13410): Pin "HEX7[4]" is stuck at GND File: C:/Development/FederatedEdgeComputing/FederatedLearningFPGA/NeuralNetworkFPGA.v Line: 69
    Warning (13410): Pin "HEX7[5]" is stuck at GND File: C:/Development/FederatedEdgeComputing/FederatedLearningFPGA/NeuralNetworkFPGA.v Line: 69
    Warning (13410): Pin "HEX7[6]" is stuck at GND File: C:/Development/FederatedEdgeComputing/FederatedLearningFPGA/NeuralNetworkFPGA.v Line: 69
Info (144001): Generated suppressed messages file C:/Development/FederatedEdgeComputing/FederatedLearningFPGA/output_files/NeuralNetworkFPGA.map.smsg
Info (16010): Generating hard_block partition "hard_block:auto_generated_inst"
    Info (16011): Adding 0 node(s), including 0 DDIO, 0 PLL, 0 transceiver and 0 LCELL
Warning (21074): Design contains 20 input pin(s) that do not drive logic
    Warning (15610): No output dependent on input pin "CLOCK_50" File: C:/Development/FederatedEdgeComputing/FederatedLearningFPGA/NeuralNetworkFPGA.v Line: 57
    Warning (15610): No output dependent on input pin "SW[0]" File: C:/Development/FederatedEdgeComputing/FederatedLearningFPGA/NeuralNetworkFPGA.v Line: 58
    Warning (15610): No output dependent on input pin "SW[1]" File: C:/Development/FederatedEdgeComputing/FederatedLearningFPGA/NeuralNetworkFPGA.v Line: 58
    Warning (15610): No output dependent on input pin "SW[2]" File: C:/Development/FederatedEdgeComputing/FederatedLearningFPGA/NeuralNetworkFPGA.v Line: 58
    Warning (15610): No output dependent on input pin "SW[3]" File: C:/Development/FederatedEdgeComputing/FederatedLearningFPGA/NeuralNetworkFPGA.v Line: 58
    Warning (15610): No output dependent on input pin "SW[4]" File: C:/Development/FederatedEdgeComputing/FederatedLearningFPGA/NeuralNetworkFPGA.v Line: 58
    Warning (15610): No output dependent on input pin "SW[5]" File: C:/Development/FederatedEdgeComputing/FederatedLearningFPGA/NeuralNetworkFPGA.v Line: 58
    Warning (15610): No output dependent on input pin "SW[6]" File: C:/Development/FederatedEdgeComputing/FederatedLearningFPGA/NeuralNetworkFPGA.v Line: 58
    Warning (15610): No output dependent on input pin "SW[7]" File: C:/Development/FederatedEdgeComputing/FederatedLearningFPGA/NeuralNetworkFPGA.v Line: 58
    Warning (15610): No output dependent on input pin "SW[8]" File: C:/Development/FederatedEdgeComputing/FederatedLearningFPGA/NeuralNetworkFPGA.v Line: 58
    Warning (15610): No output dependent on input pin "SW[9]" File: C:/Development/FederatedEdgeComputing/FederatedLearningFPGA/NeuralNetworkFPGA.v Line: 58
    Warning (15610): No output dependent on input pin "SW[10]" File: C:/Development/FederatedEdgeComputing/FederatedLearningFPGA/NeuralNetworkFPGA.v Line: 58
    Warning (15610): No output dependent on input pin "SW[11]" File: C:/Development/FederatedEdgeComputing/FederatedLearningFPGA/NeuralNetworkFPGA.v Line: 58
    Warning (15610): No output dependent on input pin "SW[12]" File: C:/Development/FederatedEdgeComputing/FederatedLearningFPGA/NeuralNetworkFPGA.v Line: 58
    Warning (15610): No output dependent on input pin "SW[13]" File: C:/Development/FederatedEdgeComputing/FederatedLearningFPGA/NeuralNetworkFPGA.v Line: 58
    Warning (15610): No output dependent on input pin "SW[14]" File: C:/Development/FederatedEdgeComputing/FederatedLearningFPGA/NeuralNetworkFPGA.v Line: 58
    Warning (15610): No output dependent on input pin "SW[15]" File: C:/Development/FederatedEdgeComputing/FederatedLearningFPGA/NeuralNetworkFPGA.v Line: 58
    Warning (15610): No output dependent on input pin "SW[16]" File: C:/Development/FederatedEdgeComputing/FederatedLearningFPGA/NeuralNetworkFPGA.v Line: 58
    Warning (15610): No output dependent on input pin "SW[17]" File: C:/Development/FederatedEdgeComputing/FederatedLearningFPGA/NeuralNetworkFPGA.v Line: 58
    Warning (15610): No output dependent on input pin "KEY0" File: C:/Development/FederatedEdgeComputing/FederatedLearningFPGA/NeuralNetworkFPGA.v Line: 59
Info (21057): Implemented 76 device resources after synthesis - the final resource count might be different
    Info (21058): Implemented 20 input pins
    Info (21059): Implemented 56 output pins
Info: Quartus Prime Analysis & Synthesis was successful. 0 errors, 87 warnings
    Info: Peak virtual memory: 4733 megabytes
    Info: Processing ended: Wed Oct 30 18:51:05 2024
    Info: Elapsed time: 00:00:08
    Info: Total CPU time (on all processors): 00:00:30


+------------------------------------------+
; Analysis & Synthesis Suppressed Messages ;
+------------------------------------------+
The suppressed messages can be found in C:/Development/FederatedEdgeComputing/FederatedLearningFPGA/output_files/NeuralNetworkFPGA.map.smsg.


